<?xml version="1.0" encoding="UTF-8"?>
<testng-results skipped="0" failed="0" ignored="0" total="1" passed="1">
  <reporter-output>
  </reporter-output>
  <suite name="Suite" duration-ms="58" started-at="2017-02-16T18:32:59Z" finished-at="2017-02-16T18:32:59Z">
    <groups>
    </groups>
    <test name="Test" duration-ms="58" started-at="2017-02-16T18:32:59Z" finished-at="2017-02-16T18:32:59Z">
      <class name="core.SurfireTest">
        <test-method status="PASS" signature="test_case001()[pri:0, instance:core.SurfireTest@271053e1]" name="test_case001" duration-ms="16" started-at="2017-02-16T10:32:59Z" finished-at="2017-02-16T10:32:59Z">
          <reporter-output>
          </reporter-output>
        </test-method> <!-- test_case001 -->
      </class> <!-- core.SurfireTest -->
    </test> <!-- Test -->
  </suite> <!-- Suite -->
</testng-results>
